[W 2025-03-28 07:12:07.317 ServerApp] A `_jupyter_server_extension_points` function was not found in notebook_shim. Instead, a `_jupyter_server_extension_paths` function was found and will be used for now. This function name will be deprecated in future releases of Jupyter Server.
[I 2025-03-28 07:12:07.317 ServerApp] jupyter_lsp | extension was successfully linked.
[I 2025-03-28 07:12:07.321 ServerApp] jupyter_server_mathjax | extension was successfully linked.
[I 2025-03-28 07:12:07.324 ServerApp] jupyter_server_terminals | extension was successfully linked.
[I 2025-03-28 07:12:07.328 ServerApp] jupyterlab | extension was successfully linked.
[I 2025-03-28 07:12:07.328 ServerApp] nbdime | extension was successfully linked.
[I 2025-03-28 07:12:07.332 ServerApp] notebook | extension was successfully linked.
[I 2025-03-28 07:12:07.480 ServerApp] notebook_shim | extension was successfully linked.
[I 2025-03-28 07:12:07.493 ServerApp] notebook_shim | extension was successfully loaded.
[I 2025-03-28 07:12:07.494 ServerApp] jupyter_lsp | extension was successfully loaded.
[I 2025-03-28 07:12:07.495 ServerApp] jupyter_server_mathjax | extension was successfully loaded.
[I 2025-03-28 07:12:07.495 ServerApp] jupyter_server_terminals | extension was successfully loaded.
[I 2025-03-28 07:12:07.497 LabApp] JupyterLab extension loaded from /home/ir739wb/miniconda3/envs/myenv/lib/python3.12/site-packages/jupyterlab
[I 2025-03-28 07:12:07.497 LabApp] JupyterLab application directory is /home/ir739wb/miniconda3/envs/myenv/share/jupyter/lab
[I 2025-03-28 07:12:07.497 LabApp] Extension Manager is 'pypi'.
[I 2025-03-28 07:12:07.524 ServerApp] jupyterlab | extension was successfully loaded.
[I 2025-03-28 07:12:07.595 ServerApp] nbdime | extension was successfully loaded.
[I 2025-03-28 07:12:07.598 ServerApp] notebook | extension was successfully loaded.
[I 2025-03-28 07:12:07.599 ServerApp] The port 8888 is already in use, trying another port.
[I 2025-03-28 07:12:07.599 ServerApp] The port 8889 is already in use, trying another port.
[I 2025-03-28 07:12:07.599 ServerApp] The port 8890 is already in use, trying another port.
[I 2025-03-28 07:12:07.599 ServerApp] Serving notebooks from local directory: /home/ir739wb/ilyarekun/nn_DeiT_25
[I 2025-03-28 07:12:07.599 ServerApp] Jupyter Server 2.15.0 is running at:
[I 2025-03-28 07:12:07.599 ServerApp] http://DGX:8891/tree?token=74bef5581377d214bceb9011a91fe2e49e33318437527229
[I 2025-03-28 07:12:07.599 ServerApp]     http://127.0.0.1:8891/tree?token=74bef5581377d214bceb9011a91fe2e49e33318437527229
[I 2025-03-28 07:12:07.599 ServerApp] Use Control-C to stop this server and shut down all kernels (twice to skip confirmation).
[C 2025-03-28 07:12:07.601 ServerApp] 
    
    To access the server, open this file in a browser:
        file:///home/ir739wb/.local/share/jupyter/runtime/jpserver-2836001-open.html
    Or copy and paste one of these URLs:
        http://DGX:8891/tree?token=74bef5581377d214bceb9011a91fe2e49e33318437527229
        http://127.0.0.1:8891/tree?token=74bef5581377d214bceb9011a91fe2e49e33318437527229
[I 2025-03-28 07:12:07.620 ServerApp] Skipped non-installed server(s): bash-language-server, dockerfile-language-server-nodejs, javascript-typescript-langserver, jedi-language-server, julia-language-server, pyright, python-language-server, r-languageserver, sql-language-server, texlab, typescript-language-server, unified-language-server, vscode-css-languageserver-bin, vscode-html-languageserver-bin, vscode-json-languageserver-bin, yaml-language-server
[I 2025-03-28 07:13:14.307 ServerApp] 302 GET / (@127.0.0.1) 0.47ms
[I 2025-03-28 07:13:14.309 JupyterNotebookApp] 302 GET /tree? (@127.0.0.1) 0.42ms
[I 2025-03-28 07:13:15.407 ServerApp] 302 GET / (@127.0.0.1) 0.33ms
[I 2025-03-28 07:13:15.415 JupyterNotebookApp] 302 GET /tree? (@127.0.0.1) 0.26ms
[I 2025-03-28 07:13:32.174 ServerApp] 302 GET / (@127.0.0.1) 0.47ms
[I 2025-03-28 07:13:32.175 JupyterNotebookApp] 302 GET /tree? (@127.0.0.1) 0.28ms
[I 2025-03-28 07:13:32.218 ServerApp] Kernel started: 2d09e7b8-c19e-4136-9c85-f9f184bf7c41
[I 2025-03-28 07:13:32.597 ServerApp] Connecting to kernel 2d09e7b8-c19e-4136-9c85-f9f184bf7c41.
[W 2025-03-28 07:13:33.407 ServerApp] 404 GET /nbextensions/jupyter-js-widgets/extension.js (@127.0.0.1) 4.22ms referer=None
[I 2025-03-28 07:13:33.408 ServerApp] 302 GET / (@127.0.0.1) 0.18ms
[I 2025-03-28 07:13:33.409 JupyterNotebookApp] 302 GET /tree? (@127.0.0.1) 0.24ms
[W 2025-03-28 07:13:33.413 ServerApp] 404 GET /nbextensions/jupyter-js-widgets/extension.js (@127.0.0.1) 0.50ms referer=None
libibverbs: Warning: couldn't load driver 'libvmw_pvrdma-rdmav34.so': libvmw_pvrdma-rdmav34.so: cannot open shared object file: No such file or directory
[I 2025-03-28 07:57:05.140 ServerApp] Connecting to kernel 2d09e7b8-c19e-4136-9c85-f9f184bf7c41.
[W 2025-03-28 07:57:19.320 ServerApp] 404 GET /api/contents/model-jvsc-087eabe3-cf41-4569-a373-ca3791fe80dc22fef1dd-1b72-466b-b7f6-b4e27dc34b03.ipynb?content=0&hash=0&1743145039626 (ce6257ee06c74c24aa3e9e1832ff3af0@147.232.166.15) 0.93ms referer=http://dgx.uvt.tuke.sk:8891/tree
[W 2025-03-28 07:57:19.321 ServerApp] 404 GET /api/contents/model-jvsc-087eabe3-cf41-4569-a373-ca3791fe80dc22fef1dd-1b72-466b-b7f6-b4e27dc34b03.ipynb?content=0&hash=0&1743145039626 (147.232.166.15): No such file or directory: model-jvsc-087eabe3-cf41-4569-a373-ca3791fe80dc22fef1dd-1b72-466b-b7f6-b4e27dc34b03.ipynb
[W 2025-03-28 07:57:25.770 ServerApp] 404 GET /api/contents/model-jvsc-087eabe3-cf41-4569-a373-ca3791fe80dc22fef1dd-1b72-466b-b7f6-b4e27dc34b03.ipynb?content=0&hash=0&1743145046048 (ce6257ee06c74c24aa3e9e1832ff3af0@147.232.166.15) 0.90ms referer=http://dgx.uvt.tuke.sk:8891/tree
[W 2025-03-28 07:57:25.770 ServerApp] 404 GET /api/contents/model-jvsc-087eabe3-cf41-4569-a373-ca3791fe80dc22fef1dd-1b72-466b-b7f6-b4e27dc34b03.ipynb?content=0&hash=0&1743145046048 (147.232.166.15): No such file or directory: model-jvsc-087eabe3-cf41-4569-a373-ca3791fe80dc22fef1dd-1b72-466b-b7f6-b4e27dc34b03.ipynb
[W 2025-03-28 07:57:46.606 ServerApp] Notebook notebooks/model.ipynb is not trusted
[I 2025-03-28 07:57:48.860 ServerApp] Connecting to kernel 2d09e7b8-c19e-4136-9c85-f9f184bf7c41.
[W 2025-03-28 07:57:49.269 ServerApp] Notebook notebooks/model.ipynb is not trusted
[I 2025-03-28 07:57:50.532 ServerApp] Kernel started: 180abdf3-c8b2-4241-958d-91a715f9e368
[I 2025-03-28 07:57:50.950 ServerApp] Connecting to kernel 180abdf3-c8b2-4241-958d-91a715f9e368.
[I 2025-03-28 07:57:51.038 ServerApp] Connecting to kernel 180abdf3-c8b2-4241-958d-91a715f9e368.
[I 2025-03-28 07:57:51.121 ServerApp] Connecting to kernel 180abdf3-c8b2-4241-958d-91a715f9e368.
[I 2025-03-28 07:57:55.530 ServerApp] Connecting to kernel 180abdf3-c8b2-4241-958d-91a715f9e368.
[I 2025-03-28 08:01:01.634 ServerApp] Starting buffering for 180abdf3-c8b2-4241-958d-91a715f9e368:44f2371f-821f-4735-9efa-60a0bc4567ea
[I 2025-03-28 08:04:36.336 ServerApp] Connecting to kernel 180abdf3-c8b2-4241-958d-91a715f9e368.
[I 2025-03-28 08:04:36.337 ServerApp] Restoring connection for 180abdf3-c8b2-4241-958d-91a715f9e368:44f2371f-821f-4735-9efa-60a0bc4567ea
[I 2025-03-28 08:04:36.427 ServerApp] Connecting to kernel 2d09e7b8-c19e-4136-9c85-f9f184bf7c41.
[I 2025-03-28 08:04:36.530 ServerApp] Connecting to kernel 2d09e7b8-c19e-4136-9c85-f9f184bf7c41.
[W 2025-03-28 08:04:49.128 ServerApp] Notebook notebooks/model.ipynb is not trusted
[I 2025-03-28 08:04:51.060 ServerApp] Connecting to kernel 2d09e7b8-c19e-4136-9c85-f9f184bf7c41.
[I 2025-03-28 08:04:51.196 ServerApp] Connecting to kernel 180abdf3-c8b2-4241-958d-91a715f9e368.
[W 2025-03-28 08:04:51.335 ServerApp] Notebook notebooks/model.ipynb is not trusted
[I 2025-03-28 08:04:52.477 ServerApp] Connecting to kernel 180abdf3-c8b2-4241-958d-91a715f9e368.
[W 2025-03-28 08:05:06.181 ServerApp] 404 GET /api/contents/model-jvsc-087eabe3-cf41-4569-a373-ca3791fe80dc22fef1dd-1b72-466b-b7f6-b4e27dc34b03.ipynb?content=0&hash=0&1743145506183 (ce6257ee06c74c24aa3e9e1832ff3af0@147.232.166.15) 1.22ms referer=http://dgx.uvt.tuke.sk:8891/tree/notebooks
[W 2025-03-28 08:05:06.182 ServerApp] 404 GET /api/contents/model-jvsc-087eabe3-cf41-4569-a373-ca3791fe80dc22fef1dd-1b72-466b-b7f6-b4e27dc34b03.ipynb?content=0&hash=0&1743145506183 (147.232.166.15): No such file or directory: model-jvsc-087eabe3-cf41-4569-a373-ca3791fe80dc22fef1dd-1b72-466b-b7f6-b4e27dc34b03.ipynb
[I 2025-03-28 08:05:22.844 ServerApp] Connecting to kernel 2d09e7b8-c19e-4136-9c85-f9f184bf7c41.
[W 2025-03-28 08:05:23.843 ServerApp] 404 GET /static/notebook/favicons/favicon-console.ico (ce6257ee06c74c24aa3e9e1832ff3af0@147.232.166.15) 1.16ms referer=http://dgx.uvt.tuke.sk:8891/consoles/notebooks/console-1-b6cbec03-6745-4a39-b1ef-e6ef5db3a9d4
[I 2025-03-28 08:05:24.840 ServerApp] Connecting to kernel 2d09e7b8-c19e-4136-9c85-f9f184bf7c41.
[I 2025-03-28 08:05:24.958 ServerApp] Connecting to kernel 180abdf3-c8b2-4241-958d-91a715f9e368.
[I 2025-03-28 08:05:25.061 ServerApp] Connecting to kernel 2d09e7b8-c19e-4136-9c85-f9f184bf7c41.
[W 2025-03-28 08:05:25.100 ServerApp] 404 GET /api/contents/console-1-b6cbec03-6745-4a39-b1ef-e6ef5db3a9d4?type=file&content=1&hash=1&format=text&1743145525115 (ce6257ee06c74c24aa3e9e1832ff3af0@147.232.166.15) 0.55ms referer=http://dgx.uvt.tuke.sk:8891/consoles/notebooks/console-1-b6cbec03-6745-4a39-b1ef-e6ef5db3a9d4
[W 2025-03-28 08:05:25.100 ServerApp] 404 GET /api/contents/console-1-b6cbec03-6745-4a39-b1ef-e6ef5db3a9d4?type=file&content=1&hash=1&format=text&1743145525115 (147.232.166.15): No such file or directory: console-1-b6cbec03-6745-4a39-b1ef-e6ef5db3a9d4
[I 2025-03-28 08:05:25.517 ServerApp] Connecting to kernel 2d09e7b8-c19e-4136-9c85-f9f184bf7c41.
[I 2025-03-28 08:06:36.927 ServerApp] Starting buffering for 180abdf3-c8b2-4241-958d-91a715f9e368:46629bd5-c118-465c-be5d-9dceeb97c2c4
[I 2025-03-28 08:09:14.955 ServerApp] Connecting to kernel 2d09e7b8-c19e-4136-9c85-f9f184bf7c41.
[I 2025-03-28 08:09:15.047 ServerApp] Connecting to kernel 180abdf3-c8b2-4241-958d-91a715f9e368.
[I 2025-03-28 08:09:15.047 ServerApp] Restoring connection for 180abdf3-c8b2-4241-958d-91a715f9e368:46629bd5-c118-465c-be5d-9dceeb97c2c4
[I 2025-03-28 08:09:15.408 ServerApp] Connecting to kernel 2d09e7b8-c19e-4136-9c85-f9f184bf7c41.
[I 2025-03-28 08:09:15.500 ServerApp] Connecting to kernel 2d09e7b8-c19e-4136-9c85-f9f184bf7c41.
[I 2025-03-28 08:09:15.587 ServerApp] Connecting to kernel 180abdf3-c8b2-4241-958d-91a715f9e368.
[I 2025-03-28 08:09:15.688 ServerApp] Connecting to kernel 2d09e7b8-c19e-4136-9c85-f9f184bf7c41.
[I 2025-03-28 08:09:32.522 ServerApp] Connecting to kernel 2d09e7b8-c19e-4136-9c85-f9f184bf7c41.
[I 2025-03-28 08:12:14.708 ServerApp] Starting buffering for 180abdf3-c8b2-4241-958d-91a715f9e368:44f2371f-821f-4735-9efa-60a0bc4567ea
[I 2025-03-28 08:18:27.560 ServerApp] Connecting to kernel 2d09e7b8-c19e-4136-9c85-f9f184bf7c41.
[I 2025-03-28 08:18:27.930 ServerApp] Connecting to kernel 2d09e7b8-c19e-4136-9c85-f9f184bf7c41.
[W 2025-03-28 08:19:57.562 ServerApp] WebSocket ping timeout after 90001 ms.
[W 2025-03-28 08:19:57.931 ServerApp] WebSocket ping timeout after 90000 ms.
[I 2025-03-28 08:33:34.479 ServerApp] Connecting to kernel 2d09e7b8-c19e-4136-9c85-f9f184bf7c41.
[I 2025-03-28 08:34:04.833 ServerApp] Connecting to kernel 2d09e7b8-c19e-4136-9c85-f9f184bf7c41.
[I 2025-03-28 08:34:06.920 ServerApp] Connecting to kernel 2d09e7b8-c19e-4136-9c85-f9f184bf7c41.
[I 2025-03-28 08:34:06.999 ServerApp] Connecting to kernel 180abdf3-c8b2-4241-958d-91a715f9e368.
[I 2025-03-28 08:34:07.083 ServerApp] Connecting to kernel 2d09e7b8-c19e-4136-9c85-f9f184bf7c41.
[W 2025-03-28 08:34:07.218 ServerApp] 404 GET /api/contents/console-1-b6cbec03-6745-4a39-b1ef-e6ef5db3a9d4?type=file&content=1&hash=1&format=text&1743147246772 (ce6257ee06c74c24aa3e9e1832ff3af0@147.232.166.15) 0.60ms referer=http://dgx.uvt.tuke.sk:8891/consoles/notebooks/console-1-b6cbec03-6745-4a39-b1ef-e6ef5db3a9d4
[W 2025-03-28 08:34:07.218 ServerApp] 404 GET /api/contents/console-1-b6cbec03-6745-4a39-b1ef-e6ef5db3a9d4?type=file&content=1&hash=1&format=text&1743147246772 (147.232.166.15): No such file or directory: console-1-b6cbec03-6745-4a39-b1ef-e6ef5db3a9d4
[I 2025-03-28 08:34:07.605 ServerApp] Connecting to kernel 2d09e7b8-c19e-4136-9c85-f9f184bf7c41.
[I 2025-03-28 08:34:07.615 ServerApp] Starting buffering for 180abdf3-c8b2-4241-958d-91a715f9e368:12347238-7867-4556-9d8b-8f5bbb93d31e
[I 2025-03-28 08:34:17.229 ServerApp] Connecting to kernel 180abdf3-c8b2-4241-958d-91a715f9e368.
[I 2025-03-28 08:34:17.331 ServerApp] Connecting to kernel 2d09e7b8-c19e-4136-9c85-f9f184bf7c41.
[I 2025-03-28 08:35:37.085 ServerApp] Starting buffering for 180abdf3-c8b2-4241-958d-91a715f9e368:44f2371f-821f-4735-9efa-60a0bc4567ea
[I 2025-03-28 09:00:43.507 ServerApp] Connecting to kernel 180abdf3-c8b2-4241-958d-91a715f9e368.
[I 2025-03-28 09:00:43.507 ServerApp] Restoring connection for 180abdf3-c8b2-4241-958d-91a715f9e368:44f2371f-821f-4735-9efa-60a0bc4567ea
[W 2025-03-28 09:02:13.510 ServerApp] WebSocket ping timeout after 90002 ms.
[I 2025-03-28 09:02:18.512 ServerApp] Starting buffering for 180abdf3-c8b2-4241-958d-91a715f9e368:44f2371f-821f-4735-9efa-60a0bc4567ea
[I 2025-03-28 09:12:04.234 ServerApp] Connecting to kernel 180abdf3-c8b2-4241-958d-91a715f9e368.
[I 2025-03-28 09:12:04.234 ServerApp] Restoring connection for 180abdf3-c8b2-4241-958d-91a715f9e368:44f2371f-821f-4735-9efa-60a0bc4567ea
[I 2025-03-28 09:12:21.448 ServerApp] Connecting to kernel 2d09e7b8-c19e-4136-9c85-f9f184bf7c41.
[W 2025-03-28 09:13:51.449 ServerApp] WebSocket ping timeout after 90001 ms.
[W 2025-03-28 09:14:34.237 ServerApp] WebSocket ping timeout after 119687 ms.
[I 2025-03-28 09:14:39.238 ServerApp] Starting buffering for 180abdf3-c8b2-4241-958d-91a715f9e368:44f2371f-821f-4735-9efa-60a0bc4567ea
[I 2025-03-28 09:45:04.605 ServerApp] Connecting to kernel 2d09e7b8-c19e-4136-9c85-f9f184bf7c41.
[I 2025-03-28 09:45:32.687 ServerApp] Connecting to kernel 180abdf3-c8b2-4241-958d-91a715f9e368.
[I 2025-03-28 09:45:32.687 ServerApp] Restoring connection for 180abdf3-c8b2-4241-958d-91a715f9e368:44f2371f-821f-4735-9efa-60a0bc4567ea
[I 2025-03-28 09:46:17.814 ServerApp] Starting buffering for 180abdf3-c8b2-4241-958d-91a715f9e368:44f2371f-821f-4735-9efa-60a0bc4567ea
[I 2025-03-28 09:49:56.553 ServerApp] Connecting to kernel 2d09e7b8-c19e-4136-9c85-f9f184bf7c41.
[I 2025-03-28 09:49:56.662 ServerApp] Connecting to kernel 180abdf3-c8b2-4241-958d-91a715f9e368.
[I 2025-03-28 09:49:56.749 ServerApp] Connecting to kernel 2d09e7b8-c19e-4136-9c85-f9f184bf7c41.
[I 2025-03-28 09:49:57.181 ServerApp] Starting buffering for 180abdf3-c8b2-4241-958d-91a715f9e368:511d3a4c-69d6-4dd8-b1b0-1d75bafcb216
[W 2025-03-28 09:51:26.555 ServerApp] WebSocket ping timeout after 90001 ms.
[W 2025-03-28 09:51:26.749 ServerApp] WebSocket ping timeout after 90000 ms.
[I 2025-03-28 09:55:35.521 ServerApp] AsyncIOLoopKernelRestarter: restarting kernel (1/5), keep random ports
[I 2025-03-28 09:57:22.762 ServerApp] Connecting to kernel 2d09e7b8-c19e-4136-9c85-f9f184bf7c41.
[I 2025-03-28 09:57:23.510 ServerApp] Connecting to kernel 2d09e7b8-c19e-4136-9c85-f9f184bf7c41.
[I 2025-03-28 09:57:41.999 ServerApp] Connecting to kernel 2d09e7b8-c19e-4136-9c85-f9f184bf7c41.
[I 2025-03-28 09:57:42.132 ServerApp] Connecting to kernel 180abdf3-c8b2-4241-958d-91a715f9e368.
[I 2025-03-28 09:57:42.132 ServerApp] Discarding 29 buffered messages for 180abdf3-c8b2-4241-958d-91a715f9e368:511d3a4c-69d6-4dd8-b1b0-1d75bafcb216
[I 2025-03-28 09:57:42.233 ServerApp] Connecting to kernel 2d09e7b8-c19e-4136-9c85-f9f184bf7c41.
[I 2025-03-28 09:57:42.565 ServerApp] Starting buffering for 180abdf3-c8b2-4241-958d-91a715f9e368:189e9728-9861-47c9-b22e-a24642a47d8a
[I 2025-03-28 10:01:17.487 ServerApp] Connecting to kernel 2d09e7b8-c19e-4136-9c85-f9f184bf7c41.
[I 2025-03-28 10:01:17.563 ServerApp] Connecting to kernel 2d09e7b8-c19e-4136-9c85-f9f184bf7c41.
[I 2025-03-28 13:11:14.818 ServerApp] Connecting to kernel 2d09e7b8-c19e-4136-9c85-f9f184bf7c41.
[I 2025-03-28 13:11:17.868 ServerApp] Connecting to kernel 180abdf3-c8b2-4241-958d-91a715f9e368.
[I 2025-03-28 13:11:18.815 ServerApp] Connecting to kernel 2d09e7b8-c19e-4136-9c85-f9f184bf7c41.
[I 2025-03-28 13:11:19.297 ServerApp] Starting buffering for 180abdf3-c8b2-4241-958d-91a715f9e368:ce4222ad-883d-40c8-a414-8473bcf35070
[W 2025-03-28 13:13:44.819 ServerApp] WebSocket ping timeout after 108960 ms.
[W 2025-03-28 13:13:48.817 ServerApp] WebSocket ping timeout after 113950 ms.
